<?xml version="1.0" encoding="UTF-8"?>
<testsuites name="OrderSearch" time="66.699" tests="2" failures="0" skips="0" errors="0">
   <testsuite name="OrderSearch" tests="2" failures="0" errors="0" time="66.699" skips="0" timestamp="2021-04-02 19:10:53" hostname="achaudhari - LTPC0ECUC3.corp.hsdyn.com" id="Test Suites/OrderSearch">
      <properties>
         <property name="deviceName" value=""/>
         <property name="devicePlatform" value=""/>
         <property name="logFolder" value="E:\\DEVOPS\\Georgia Pacific - Recycling Portal\\GP_Testing\\Reports\\20210402_191047\\OrderSearch\\20210402_191048"/>
         <property name="logFiles" value="E:\\DEVOPS\\Georgia Pacific - Recycling Portal\\GP_Testing\\Reports\\20210402_191047\\OrderSearch\\20210402_191048\\execution0.log"/>
         <property name="attachments" value=""/>
         <property name="hostName" value="achaudhari - LTPC0ECUC3.corp.hsdyn.com"/>
         <property name="os" value="Windows 10 64bit"/>
         <property name="katalonVersion" value="7.9.1.208"/>
         <property name="browser" value="Chrome 89.0.4389.90"/>
         <property name="hostAddress" value="192.168.1.5"/>
         <property name="sessionId" value="fc19882a4a6d5501ebc97ed67e130259"/>
         <property name="seleniumVersion" value="3.141.59"/>
         <property name="proxyInformation" value="ProxyInformation { proxyOption=NO_PROXY, proxyServerType=HTTP, username=, password=********, proxyServerAddress=, proxyServerPort=0, executionList=&quot;&quot;, isApplyToDesiredCapabilities=true }"/>
         <property name="platform" value="Windows 10"/>
      </properties>
      <testcase name="Test Cases/OrderSearch" time="35.543" classname="Test Cases/OrderSearch" status="PASSED">
         <system-out><![CDATA[2021-04-02 19:10:57 - [TEST_CASE][PASSED] - Test Cases/OrderSearch: Test Cases/OrderSearch

2021-04-02 19:10:57 - [TEST_STEP][PASSED] - openBrowser(""): Browser is opened with url: ''

2021-04-02 19:10:58 - [MESSAGE][INFO] - Starting 'Chrome' driver

2021-04-02 19:10:58 - [MESSAGE][INFO] - Action delay is set to 0 milliseconds

2021-04-02 19:11:04 - [MESSAGE][PASSED] - Browser is opened with url: ''

2021-04-02 19:11:04 - [TEST_STEP][PASSED] - navigateToUrl("https://dev-recycling-portal.azurewebsites.net/account/singlesignon?logintoken=pals.wadhe@gmail.com"): Navigate to 'https://dev-recycling-portal.azurewebsites.net/account/singlesignon?logintoken=pals.wadhe@gmail.com' successfully

2021-04-02 19:11:25 - [MESSAGE][PASSED] - Navigate to 'https://dev-recycling-portal.azurewebsites.net/account/singlesignon?logintoken=pals.wadhe@gmail.com' successfully

2021-04-02 19:11:25 - [TEST_STEP][PASSED] - click(findTestObject("Object Repository/OrderSearch/Page_My Account - GP Recycling/a_I Agree")): Object: 'Object Repository/OrderSearch/Page_My Account - GP Recycling/a_I Agree' is clicked on

2021-04-02 19:11:26 - [MESSAGE][PASSED] - Object: 'Object Repository/OrderSearch/Page_My Account - GP Recycling/a_I Agree' is clicked on

2021-04-02 19:11:26 - [TEST_STEP][PASSED] - click(findTestObject("Object Repository/OrderSearch/Page_My Account - GP Recycling/a_Orders")): Object: 'Object Repository/OrderSearch/Page_My Account - GP Recycling/a_Orders' is clicked on

2021-04-02 19:11:27 - [MESSAGE][PASSED] - Object: 'Object Repository/OrderSearch/Page_My Account - GP Recycling/a_Orders' is clicked on

2021-04-02 19:11:27 - [TEST_STEP][PASSED] - setText(findTestObject("OrderSearch/Page_My Orders - GP Recycling/input_SEARCH ORDERS_OrderNumber"), findTestData("OrderSearch").getValue(1, 1)): Text '11114' is set on object 'Object Repository/OrderSearch/Page_My Orders - GP Recycling/input_SEARCH ORDERS_OrderNumber'

2021-04-02 19:11:30 - [MESSAGE][PASSED] - Text '11114' is set on object 'Object Repository/OrderSearch/Page_My Orders - GP Recycling/input_SEARCH ORDERS_OrderNumber'

2021-04-02 19:11:30 - [TEST_STEP][PASSED] - click(findTestObject("Object Repository/OrderSearch/Page_My Orders - GP Recycling/input_All_criteriasearch")): Object: 'Object Repository/OrderSearch/Page_My Orders - GP Recycling/input_All_criteriasearch' is clicked on

2021-04-02 19:11:31 - [MESSAGE][PASSED] - Object: 'Object Repository/OrderSearch/Page_My Orders - GP Recycling/input_All_criteriasearch' is clicked on

2021-04-02 19:11:31 - [TEST_STEP][PASSED] - verifyTextNotPresent("No Search Result(s) found", false): Text 'No Search Result(s) found' is not present on page

2021-04-02 19:11:32 - [MESSAGE][PASSED] - Text 'No Search Result(s) found' is not present on page]]></system-out>
         <system-err><![CDATA[]]></system-err>
      </testcase>
      <testcase name="Test Cases/OrderSearch" time="26.004" classname="Test Cases/OrderSearch" status="PASSED">
         <system-out><![CDATA[2021-04-02 19:11:32 - [TEST_CASE][PASSED] - Test Cases/OrderSearch: Test Cases/OrderSearch

2021-04-02 19:11:32 - [TEST_STEP][PASSED] - openBrowser(""): Browser is opened with url: ''

2021-04-02 19:11:32 - [MESSAGE][WARNING] - A browser is already opened. Closing browser and opening a new one

2021-04-02 19:11:33 - [MESSAGE][INFO] - Starting 'Chrome' driver

2021-04-02 19:11:33 - [MESSAGE][INFO] - Action delay is set to 0 milliseconds

2021-04-02 19:11:35 - [MESSAGE][PASSED] - Browser is opened with url: ''

2021-04-02 19:11:35 - [TEST_STEP][PASSED] - navigateToUrl("https://dev-recycling-portal.azurewebsites.net/account/singlesignon?logintoken=pals.wadhe@gmail.com"): Navigate to 'https://dev-recycling-portal.azurewebsites.net/account/singlesignon?logintoken=pals.wadhe@gmail.com' successfully

2021-04-02 19:11:53 - [MESSAGE][PASSED] - Navigate to 'https://dev-recycling-portal.azurewebsites.net/account/singlesignon?logintoken=pals.wadhe@gmail.com' successfully

2021-04-02 19:11:53 - [TEST_STEP][PASSED] - click(findTestObject("Object Repository/OrderSearch/Page_My Account - GP Recycling/a_I Agree")): Object: 'Object Repository/OrderSearch/Page_My Account - GP Recycling/a_I Agree' is clicked on

2021-04-02 19:11:53 - [MESSAGE][PASSED] - Object: 'Object Repository/OrderSearch/Page_My Account - GP Recycling/a_I Agree' is clicked on

2021-04-02 19:11:53 - [TEST_STEP][PASSED] - click(findTestObject("Object Repository/OrderSearch/Page_My Account - GP Recycling/a_Orders")): Object: 'Object Repository/OrderSearch/Page_My Account - GP Recycling/a_Orders' is clicked on

2021-04-02 19:11:54 - [MESSAGE][PASSED] - Object: 'Object Repository/OrderSearch/Page_My Account - GP Recycling/a_Orders' is clicked on

2021-04-02 19:11:54 - [TEST_STEP][PASSED] - setText(findTestObject("OrderSearch/Page_My Orders - GP Recycling/input_SEARCH ORDERS_OrderNumber"), findTestData("OrderSearch").getValue(1, 1)): Text '11114' is set on object 'Object Repository/OrderSearch/Page_My Orders - GP Recycling/input_SEARCH ORDERS_OrderNumber'

2021-04-02 19:11:56 - [MESSAGE][PASSED] - Text '11114' is set on object 'Object Repository/OrderSearch/Page_My Orders - GP Recycling/input_SEARCH ORDERS_OrderNumber'

2021-04-02 19:11:56 - [TEST_STEP][PASSED] - click(findTestObject("Object Repository/OrderSearch/Page_My Orders - GP Recycling/input_All_criteriasearch")): Object: 'Object Repository/OrderSearch/Page_My Orders - GP Recycling/input_All_criteriasearch' is clicked on

2021-04-02 19:11:57 - [MESSAGE][PASSED] - Object: 'Object Repository/OrderSearch/Page_My Orders - GP Recycling/input_All_criteriasearch' is clicked on

2021-04-02 19:11:57 - [TEST_STEP][PASSED] - verifyTextNotPresent("No Search Result(s) found", false): Text 'No Search Result(s) found' is not present on page

2021-04-02 19:11:58 - [MESSAGE][PASSED] - Text 'No Search Result(s) found' is not present on page]]></system-out>
         <system-err><![CDATA[]]></system-err>
      </testcase>
      <system-out><![CDATA[2021-04-02 19:10:53 - [TEST_SUITE][PASSED] - OrderSearch: Test Cases/OrderSearch]]></system-out>
      <system-err><![CDATA[]]></system-err>
   </testsuite>
</testsuites>
