<?xml version="1.0" encoding="UTF-8"?>
<testsuites name="dashboard" time="54.702" tests="1" failures="0" skips="0" errors="0">
   <testsuite name="dashboard" tests="1" failures="0" errors="0" time="54.702" skips="0" timestamp="2021-04-01 14:04:50" hostname="achaudhari - LTPC0ECUC3.corp.hsdyn.com" id="Test Suites/dashboard">
      <properties>
         <property name="deviceName" value=""/>
         <property name="devicePlatform" value=""/>
         <property name="logFolder" value="E:\\DEVOPS\\Georgia Pacific - Recycling Portal\\GP_Testing\\Reports\\20210401_140432\\dashboard\\20210401_140432"/>
         <property name="logFiles" value="E:\\DEVOPS\\Georgia Pacific - Recycling Portal\\GP_Testing\\Reports\\20210401_140432\\dashboard\\20210401_140432\\execution0.log"/>
         <property name="attachments" value=""/>
         <property name="hostName" value="achaudhari - LTPC0ECUC3.corp.hsdyn.com"/>
         <property name="os" value="Windows 10 64bit"/>
         <property name="katalonVersion" value="7.9.1.208"/>
         <property name="browser" value="Chrome 89.0.4389.90"/>
         <property name="hostAddress" value="7.7.8.237"/>
         <property name="sessionId" value="bb95f19e47ebe74da98d7b0d59709f1f"/>
         <property name="seleniumVersion" value="3.141.59"/>
         <property name="proxyInformation" value="ProxyInformation { proxyOption=NO_PROXY, proxyServerType=HTTP, username=, password=********, proxyServerAddress=, proxyServerPort=0, executionList=&quot;&quot;, isApplyToDesiredCapabilities=true }"/>
         <property name="platform" value="Windows 10"/>
      </properties>
      <testcase name="Test Cases/dashboard" time="31.393" classname="Test Cases/dashboard" status="PASSED">
         <system-out><![CDATA[2021-04-01 14:05:00 - [TEST_CASE][PASSED] - Test Cases/dashboard: Test Cases/dashboard

2021-04-01 14:05:02 - [TEST_STEP][PASSED] - openBrowser(""): Browser is opened with url: ''

2021-04-01 14:05:03 - [MESSAGE][INFO] - Starting 'Chrome' driver

2021-04-01 14:05:03 - [MESSAGE][INFO] - Action delay is set to 0 milliseconds

2021-04-01 14:05:17 - [MESSAGE][PASSED] - Browser is opened with url: ''

2021-04-01 14:05:17 - [TEST_STEP][PASSED] - navigateToUrl("https://dev-recycling-portal.azurewebsites.net/profile/dashboard"): Navigate to 'https://dev-recycling-portal.azurewebsites.net/profile/dashboard' successfully

2021-04-01 14:05:30 - [MESSAGE][PASSED] - Navigate to 'https://dev-recycling-portal.azurewebsites.net/profile/dashboard' successfully

2021-04-01 14:05:30 - [TEST_STEP][PASSED] - click(findTestObject("Object Repository/dashboard/Page_My Account - GP Recycling/a_I Agree")): Object: 'Object Repository/dashboard/Page_My Account - GP Recycling/a_I Agree' is clicked on

2021-04-01 14:05:31 - [MESSAGE][PASSED] - Object: 'Object Repository/dashboard/Page_My Account - GP Recycling/a_I Agree' is clicked on]]></system-out>
         <system-err><![CDATA[]]></system-err>
      </testcase>
      <system-out><![CDATA[2021-04-01 14:04:50 - [TEST_SUITE][PASSED] - dashboard: Test Cases/dashboard]]></system-out>
      <system-err><![CDATA[]]></system-err>
   </testsuite>
</testsuites>
