<?xml version="1.0" encoding="UTF-8"?>
<testsuites name="OrderSearch" time="122.868" tests="2" failures="0" skips="0" errors="0">
   <testsuite name="OrderSearch" tests="2" failures="0" errors="0" time="122.868" skips="0" timestamp="2021-04-02 20:50:52" hostname="achaudhari - LTPC0ECUC3.corp.hsdyn.com" id="Test Suites/OrderSearch">
      <properties>
         <property name="deviceName" value=""/>
         <property name="devicePlatform" value=""/>
         <property name="logFolder" value="E:\\DEVOPS\\Georgia Pacific - Recycling Portal\\GP_Testing\\Reports\\20210402_205046\\OrderSearch\\20210402_205048"/>
         <property name="logFiles" value="E:\\DEVOPS\\Georgia Pacific - Recycling Portal\\GP_Testing\\Reports\\20210402_205046\\OrderSearch\\20210402_205048\\execution0.log"/>
         <property name="attachments" value=""/>
         <property name="hostName" value="achaudhari - LTPC0ECUC3.corp.hsdyn.com"/>
         <property name="os" value="Windows 10 64bit"/>
         <property name="katalonVersion" value="7.9.1.208"/>
         <property name="browser" value="Chrome 89.0.4389.90"/>
         <property name="hostAddress" value="192.168.1.5"/>
         <property name="sessionId" value="5d87c68cf67a4fddcb33a2839e1036c5"/>
         <property name="seleniumVersion" value="3.141.59"/>
         <property name="proxyInformation" value="ProxyInformation { proxyOption=NO_PROXY, proxyServerType=HTTP, username=, password=********, proxyServerAddress=, proxyServerPort=0, executionList=&quot;&quot;, isApplyToDesiredCapabilities=true }"/>
         <property name="platform" value="Windows 10"/>
      </properties>
      <testcase name="Test Cases/OrderSearch" time="62.854" classname="Test Cases/OrderSearch" status="PASSED">
         <system-out><![CDATA[2021-04-02 20:50:56 - [TEST_CASE][PASSED] - Test Cases/OrderSearch: Test Cases/OrderSearch

2021-04-02 20:50:56 - [TEST_STEP][PASSED] - openBrowser(""): Browser is opened with url: ''

2021-04-02 20:50:57 - [MESSAGE][INFO] - Starting 'Chrome' driver

2021-04-02 20:50:57 - [MESSAGE][INFO] - Action delay is set to 0 milliseconds

2021-04-02 20:51:00 - [MESSAGE][PASSED] - Browser is opened with url: ''

2021-04-02 20:51:00 - [TEST_STEP][PASSED] - navigateToUrl("https://dev-recycling-portal.azurewebsites.net/account/singlesignon?logintoken=pals.wadhe@gmail.com"): Navigate to 'https://dev-recycling-portal.azurewebsites.net/account/singlesignon?logintoken=pals.wadhe@gmail.com' successfully

2021-04-02 20:51:23 - [MESSAGE][PASSED] - Navigate to 'https://dev-recycling-portal.azurewebsites.net/account/singlesignon?logintoken=pals.wadhe@gmail.com' successfully

2021-04-02 20:51:23 - [TEST_STEP][PASSED] - click(findTestObject("Object Repository/OrderSearch/Page_My Account - GP Recycling/a_I Agree")): Object: 'Object Repository/OrderSearch/Page_My Account - GP Recycling/a_I Agree' is clicked on

2021-04-02 20:51:24 - [MESSAGE][PASSED] - Object: 'Object Repository/OrderSearch/Page_My Account - GP Recycling/a_I Agree' is clicked on

2021-04-02 20:51:24 - [TEST_STEP][PASSED] - delay(30): Delayed 30 second(s)

2021-04-02 20:51:54 - [MESSAGE][PASSED] - Delayed 30 second(s)

2021-04-02 20:51:54 - [TEST_STEP][PASSED] - click(findTestObject("OrderSearch/Page_My Account - GP Recycling/Page_My Account - GP Recycling/a_Orders")): Object: 'Object Repository/OrderSearch/Page_My Account - GP Recycling/Page_My Account - GP Recycling/a_Orders' is clicked on

2021-04-02 20:51:55 - [MESSAGE][PASSED] - Object: 'Object Repository/OrderSearch/Page_My Account - GP Recycling/Page_My Account - GP Recycling/a_Orders' is clicked on

2021-04-02 20:51:55 - [TEST_STEP][PASSED] - setText(findTestObject("OrderSearch/Page_My Orders - GP Recycling/input_SEARCH ORDERS_OrderNumber"), findTestData("OrderSearch").getValue(1, 1)): Text '11114' is set on object 'Object Repository/OrderSearch/Page_My Orders - GP Recycling/input_SEARCH ORDERS_OrderNumber'

2021-04-02 20:51:57 - [MESSAGE][PASSED] - Text '11114' is set on object 'Object Repository/OrderSearch/Page_My Orders - GP Recycling/input_SEARCH ORDERS_OrderNumber'

2021-04-02 20:51:57 - [TEST_STEP][PASSED] - click(findTestObject("Object Repository/OrderSearch/Page_My Orders - GP Recycling/input_All_criteriasearch")): Object: 'Object Repository/OrderSearch/Page_My Orders - GP Recycling/input_All_criteriasearch' is clicked on

2021-04-02 20:51:57 - [MESSAGE][PASSED] - Object: 'Object Repository/OrderSearch/Page_My Orders - GP Recycling/input_All_criteriasearch' is clicked on

2021-04-02 20:51:57 - [TEST_STEP][PASSED] - verifyTextNotPresent("No Search Result(s) found", false): Text 'No Search Result(s) found' is not present on page

2021-04-02 20:51:59 - [MESSAGE][PASSED] - Text 'No Search Result(s) found' is not present on page]]></system-out>
         <system-err><![CDATA[]]></system-err>
      </testcase>
      <testcase name="Test Cases/OrderSearch" time="54.906" classname="Test Cases/OrderSearch" status="PASSED">
         <system-out><![CDATA[2021-04-02 20:51:59 - [TEST_CASE][PASSED] - Test Cases/OrderSearch: Test Cases/OrderSearch

2021-04-02 20:51:59 - [TEST_STEP][PASSED] - openBrowser(""): Browser is opened with url: ''

2021-04-02 20:51:59 - [MESSAGE][WARNING] - A browser is already opened. Closing browser and opening a new one

2021-04-02 20:52:00 - [MESSAGE][INFO] - Starting 'Chrome' driver

2021-04-02 20:52:00 - [MESSAGE][INFO] - Action delay is set to 0 milliseconds

2021-04-02 20:52:02 - [MESSAGE][PASSED] - Browser is opened with url: ''

2021-04-02 20:52:02 - [TEST_STEP][PASSED] - navigateToUrl("https://dev-recycling-portal.azurewebsites.net/account/singlesignon?logintoken=pals.wadhe@gmail.com"): Navigate to 'https://dev-recycling-portal.azurewebsites.net/account/singlesignon?logintoken=pals.wadhe@gmail.com' successfully

2021-04-02 20:52:18 - [MESSAGE][PASSED] - Navigate to 'https://dev-recycling-portal.azurewebsites.net/account/singlesignon?logintoken=pals.wadhe@gmail.com' successfully

2021-04-02 20:52:18 - [TEST_STEP][PASSED] - click(findTestObject("Object Repository/OrderSearch/Page_My Account - GP Recycling/a_I Agree")): Object: 'Object Repository/OrderSearch/Page_My Account - GP Recycling/a_I Agree' is clicked on

2021-04-02 20:52:19 - [MESSAGE][PASSED] - Object: 'Object Repository/OrderSearch/Page_My Account - GP Recycling/a_I Agree' is clicked on

2021-04-02 20:52:19 - [TEST_STEP][PASSED] - delay(30): Delayed 30 second(s)

2021-04-02 20:52:49 - [MESSAGE][PASSED] - Delayed 30 second(s)

2021-04-02 20:52:49 - [TEST_STEP][PASSED] - click(findTestObject("OrderSearch/Page_My Account - GP Recycling/Page_My Account - GP Recycling/a_Orders")): Object: 'Object Repository/OrderSearch/Page_My Account - GP Recycling/Page_My Account - GP Recycling/a_Orders' is clicked on

2021-04-02 20:52:50 - [MESSAGE][PASSED] - Object: 'Object Repository/OrderSearch/Page_My Account - GP Recycling/Page_My Account - GP Recycling/a_Orders' is clicked on

2021-04-02 20:52:50 - [TEST_STEP][PASSED] - setText(findTestObject("OrderSearch/Page_My Orders - GP Recycling/input_SEARCH ORDERS_OrderNumber"), findTestData("OrderSearch").getValue(1, 1)): Text '11114' is set on object 'Object Repository/OrderSearch/Page_My Orders - GP Recycling/input_SEARCH ORDERS_OrderNumber'

2021-04-02 20:52:52 - [MESSAGE][PASSED] - Text '11114' is set on object 'Object Repository/OrderSearch/Page_My Orders - GP Recycling/input_SEARCH ORDERS_OrderNumber'

2021-04-02 20:52:52 - [TEST_STEP][PASSED] - click(findTestObject("Object Repository/OrderSearch/Page_My Orders - GP Recycling/input_All_criteriasearch")): Object: 'Object Repository/OrderSearch/Page_My Orders - GP Recycling/input_All_criteriasearch' is clicked on

2021-04-02 20:52:52 - [MESSAGE][PASSED] - Object: 'Object Repository/OrderSearch/Page_My Orders - GP Recycling/input_All_criteriasearch' is clicked on

2021-04-02 20:52:52 - [TEST_STEP][PASSED] - verifyTextNotPresent("No Search Result(s) found", false): Text 'No Search Result(s) found' is not present on page

2021-04-02 20:52:54 - [MESSAGE][PASSED] - Text 'No Search Result(s) found' is not present on page]]></system-out>
         <system-err><![CDATA[]]></system-err>
      </testcase>
      <system-out><![CDATA[2021-04-02 20:50:52 - [TEST_SUITE][PASSED] - OrderSearch: Test Cases/OrderSearch]]></system-out>
      <system-err><![CDATA[]]></system-err>
   </testsuite>
</testsuites>
